
============================================================
2026-06-21 23:05:28.059520
plant=RSP  month=2026-03
Traceback (most recent call last):
  File "D:\opr-mis1\backend\main.py", line 710, in extract_preview_endpoint
    result = await loop.run_in_executor(
             ^^^^^^^^^^^^^^^^^^^^^^^^^^^
  File "C:\Users\sanja\AppData\Local\Programs\Python\Python311\Lib\concurrent\futures\thread.py", line 58, in run
    result = self.fn(*self.args, **self.kwargs)
             ^^^^^^^^^^^^^^^^^^^^^^^^^^^^^^^^^^
  File "D:\opr-mis1\backend\main.py", line 712, in <lambda>
    lambda: excel_extractor_rsp.extract_preview(tmp_path, month)
            ^^^^^^^^^^^^^^^^^^^^^^^^^^^^^^^^^^^^^^^^^^^^^^^^^^^^
  File "D:\opr-mis1\backend\excel_extractors\excel_extractor_rsp.py", line 1032, in extract_preview
    wb = openpyxl.load_workbook(file_path, data_only=True)
         ^^^^^^^^^^^^^^^^^^^^^^^^^^^^^^^^^^^^^^^^^^^^^^^^^
  File "D:\opr-mis1\backend\venv\Lib\site-packages\openpyxl\reader\excel.py", line 346, in load_workbook
    reader = ExcelReader(filename, read_only, keep_vba,
             ^^^^^^^^^^^^^^^^^^^^^^^^^^^^^^^^^^^^^^^^^^
  File "D:\opr-mis1\backend\venv\Lib\site-packages\openpyxl\reader\excel.py", line 123, in __init__
    self.archive = _validate_archive(fn)
                   ^^^^^^^^^^^^^^^^^^^^^
  File "D:\opr-mis1\backend\venv\Lib\site-packages\openpyxl\reader\excel.py", line 93, in _validate_archive
    raise InvalidFileException(msg)
openpyxl.utils.exceptions.InvalidFileException: openpyxl does not support the old .xls file format, please use xlrd to read this file, or convert it to the more recent .xlsx file format.

============================================================
2026-06-21 23:08:52.998826
plant=BSP  month=2026-03
Traceback (most recent call last):
  File "D:\opr-mis1\backend\main.py", line 664, in extract_preview_endpoint
    result = await loop.run_in_executor(
             ^^^^^^^^^^^^^^^^^^^^^^^^^^^
  File "C:\Users\sanja\AppData\Local\Programs\Python\Python311\Lib\concurrent\futures\thread.py", line 58, in run
    result = self.fn(*self.args, **self.kwargs)
             ^^^^^^^^^^^^^^^^^^^^^^^^^^^^^^^^^^
  File "D:\opr-mis1\backend\main.py", line 666, in <lambda>
    lambda: _bsp_mod.extract_preview(tmp_path, month)
            ^^^^^^^^^^^^^^^^^^^^^^^^^^^^^^^^^^^^^^^^^
  File "D:\opr-mis1\backend\excel_extractors\excel_extractor_bsp.py", line 937, in extract_preview
    return _extract_ppc_mis_preview(file_path, report_month)
           ^^^^^^^^^^^^^^^^^^^^^^^^^^^^^^^^^^^^^^^^^^^^^^^^^
  File "D:\opr-mis1\backend\excel_extractors\excel_extractor_bsp.py", line 815, in _extract_ppc_mis_preview
    wb_raw = xlrd.open_workbook(file_path)
             ^^^^^^^^^^^^^^^^^^^^^^^^^^^^^
  File "D:\opr-mis1\backend\venv\Lib\site-packages\xlrd\__init__.py", line 170, in open_workbook
    raise XLRDError(FILE_FORMAT_DESCRIPTIONS[file_format]+'; not supported')
xlrd.biffh.XLRDError: Excel xlsx file; not supported

============================================================
2026-06-21 23:09:24.697600
plant=BSP  month=2026-04
Traceback (most recent call last):
  File "D:\opr-mis1\backend\main.py", line 664, in extract_preview_endpoint
    result = await loop.run_in_executor(
             ^^^^^^^^^^^^^^^^^^^^^^^^^^^
  File "C:\Users\sanja\AppData\Local\Programs\Python\Python311\Lib\concurrent\futures\thread.py", line 58, in run
    result = self.fn(*self.args, **self.kwargs)
             ^^^^^^^^^^^^^^^^^^^^^^^^^^^^^^^^^^
  File "D:\opr-mis1\backend\main.py", line 666, in <lambda>
    lambda: _bsp_mod.extract_preview(tmp_path, month)
            ^^^^^^^^^^^^^^^^^^^^^^^^^^^^^^^^^^^^^^^^^
  File "D:\opr-mis1\backend\excel_extractors\excel_extractor_bsp.py", line 937, in extract_preview
    return _extract_ppc_mis_preview(file_path, report_month)
           ^^^^^^^^^^^^^^^^^^^^^^^^^^^^^^^^^^^^^^^^^^^^^^^^^
  File "D:\opr-mis1\backend\excel_extractors\excel_extractor_bsp.py", line 815, in _extract_ppc_mis_preview
    wb_raw = xlrd.open_workbook(file_path)
             ^^^^^^^^^^^^^^^^^^^^^^^^^^^^^
  File "D:\opr-mis1\backend\venv\Lib\site-packages\xlrd\__init__.py", line 170, in open_workbook
    raise XLRDError(FILE_FORMAT_DESCRIPTIONS[file_format]+'; not supported')
xlrd.biffh.XLRDError: Excel xlsx file; not supported

============================================================
2026-06-25 04:57:06.116084
plant=RSP  month=2026-04
Traceback (most recent call last):
  File "D:\opr-mis1\backend\main.py", line 768, in extract_preview_endpoint
    result = await loop.run_in_executor(
             ^^^^^^^^^^^^^^^^^^^^^^^^^^^
  File "C:\Users\sanja\AppData\Local\Programs\Python\Python311\Lib\concurrent\futures\thread.py", line 58, in run
    result = self.fn(*self.args, **self.kwargs)
             ^^^^^^^^^^^^^^^^^^^^^^^^^^^^^^^^^^
  File "D:\opr-mis1\backend\main.py", line 770, in <lambda>
    lambda: excel_extractor_rsp.extract_preview(tmp_path, month)
            ^^^^^^^^^^^^^^^^^^^^^^^^^^^^^^^^^^^^^^^^^^^^^^^^^^^^
  File "D:\opr-mis1\backend\excel_extractors\excel_extractor_rsp.py", line 1070, in extract_preview
    wb = openpyxl.load_workbook(file_path, data_only=True)
         ^^^^^^^^^^^^^^^^^^^^^^^^^^^^^^^^^^^^^^^^^^^^^^^^^
  File "D:\opr-mis1\backend\venv\Lib\site-packages\openpyxl\reader\excel.py", line 346, in load_workbook
    reader = ExcelReader(filename, read_only, keep_vba,
             ^^^^^^^^^^^^^^^^^^^^^^^^^^^^^^^^^^^^^^^^^^
  File "D:\opr-mis1\backend\venv\Lib\site-packages\openpyxl\reader\excel.py", line 123, in __init__
    self.archive = _validate_archive(fn)
                   ^^^^^^^^^^^^^^^^^^^^^
  File "D:\opr-mis1\backend\venv\Lib\site-packages\openpyxl\reader\excel.py", line 93, in _validate_archive
    raise InvalidFileException(msg)
openpyxl.utils.exceptions.InvalidFileException: openpyxl does not support the old .xls file format, please use xlrd to read this file, or convert it to the more recent .xlsx file format.

============================================================
2026-06-25 10:28:32.788006
plant=DSP  month=2025-09
Traceback (most recent call last):
  File "D:\opr-mis1\backend\main.py", line 698, in extract_preview_endpoint
    result = await asyncio.wait_for(
             ^^^^^^^^^^^^^^^^^^^^^^^
  File "C:\Users\sanja\AppData\Local\Programs\Python\Python311\Lib\asyncio\tasks.py", line 489, in wait_for
    return fut.result()
           ^^^^^^^^^^^^
  File "C:\Users\sanja\AppData\Local\Programs\Python\Python311\Lib\concurrent\futures\thread.py", line 58, in run
    result = self.fn(*self.args, **self.kwargs)
             ^^^^^^^^^^^^^^^^^^^^^^^^^^^^^^^^^^
  File "D:\opr-mis1\backend\main.py", line 701, in <lambda>
    lambda: excel_extractor_dsp.extract_preview(
            ^^^^^^^^^^^^^^^^^^^^^^^^^^^^^^^^^^^^
TypeError: extract_preview() got an unexpected keyword argument 'all_months'

============================================================
2026-06-25 10:33:03.792843
plant=DSP  month=2025-09
Traceback (most recent call last):
  File "D:\opr-mis1\backend\main.py", line 698, in extract_preview_endpoint
    result = await asyncio.wait_for(
             ^^^^^^^^^^^^^^^^^^^^^^^
  File "C:\Users\sanja\AppData\Local\Programs\Python\Python311\Lib\asyncio\tasks.py", line 489, in wait_for
    return fut.result()
           ^^^^^^^^^^^^
  File "C:\Users\sanja\AppData\Local\Programs\Python\Python311\Lib\concurrent\futures\thread.py", line 58, in run
    result = self.fn(*self.args, **self.kwargs)
             ^^^^^^^^^^^^^^^^^^^^^^^^^^^^^^^^^^
  File "D:\opr-mis1\backend\main.py", line 701, in <lambda>
    lambda: excel_extractor_dsp.extract_preview(
            ^^^^^^^^^^^^^^^^^^^^^^^^^^^^^^^^^^^^
TypeError: extract_preview() got an unexpected keyword argument 'all_months'

============================================================
2026-06-25 10:33:11.146727
plant=DSP  month=2025-09
Traceback (most recent call last):
  File "D:\opr-mis1\backend\main.py", line 698, in extract_preview_endpoint
    result = await asyncio.wait_for(
             ^^^^^^^^^^^^^^^^^^^^^^^
  File "C:\Users\sanja\AppData\Local\Programs\Python\Python311\Lib\asyncio\tasks.py", line 489, in wait_for
    return fut.result()
           ^^^^^^^^^^^^
  File "C:\Users\sanja\AppData\Local\Programs\Python\Python311\Lib\concurrent\futures\thread.py", line 58, in run
    result = self.fn(*self.args, **self.kwargs)
             ^^^^^^^^^^^^^^^^^^^^^^^^^^^^^^^^^^
  File "D:\opr-mis1\backend\main.py", line 701, in <lambda>
    lambda: excel_extractor_dsp.extract_preview(
            ^^^^^^^^^^^^^^^^^^^^^^^^^^^^^^^^^^^^
TypeError: extract_preview() got an unexpected keyword argument 'all_months'

============================================================
2026-06-25 10:33:21.205179
plant=DSP  month=2025-09
Traceback (most recent call last):
  File "D:\opr-mis1\backend\main.py", line 698, in extract_preview_endpoint
    result = await asyncio.wait_for(
             ^^^^^^^^^^^^^^^^^^^^^^^
  File "C:\Users\sanja\AppData\Local\Programs\Python\Python311\Lib\asyncio\tasks.py", line 489, in wait_for
    return fut.result()
           ^^^^^^^^^^^^
  File "C:\Users\sanja\AppData\Local\Programs\Python\Python311\Lib\concurrent\futures\thread.py", line 58, in run
    result = self.fn(*self.args, **self.kwargs)
             ^^^^^^^^^^^^^^^^^^^^^^^^^^^^^^^^^^
  File "D:\opr-mis1\backend\main.py", line 701, in <lambda>
    lambda: excel_extractor_dsp.extract_preview(
            ^^^^^^^^^^^^^^^^^^^^^^^^^^^^^^^^^^^^
TypeError: extract_preview() got an unexpected keyword argument 'all_months'

============================================================
2026-06-25 10:38:35.470791
plant=DSP  month=2025-09
Traceback (most recent call last):
  File "D:\opr-mis1\backend\main.py", line 698, in extract_preview_endpoint
    result = await asyncio.wait_for(
             ^^^^^^^^^^^^^^^^^^^^^^^
  File "C:\Users\sanja\AppData\Local\Programs\Python\Python311\Lib\asyncio\tasks.py", line 489, in wait_for
    return fut.result()
           ^^^^^^^^^^^^
  File "C:\Users\sanja\AppData\Local\Programs\Python\Python311\Lib\concurrent\futures\thread.py", line 58, in run
    result = self.fn(*self.args, **self.kwargs)
             ^^^^^^^^^^^^^^^^^^^^^^^^^^^^^^^^^^
  File "D:\opr-mis1\backend\main.py", line 701, in <lambda>
    lambda: excel_extractor_dsp.extract_preview(
            ^^^^^^^^^^^^^^^^^^^^^^^^^^^^^^^^^^^^
TypeError: extract_preview() got an unexpected keyword argument 'all_months'

============================================================
2026-06-25 10:42:32.534375
plant=DSP  month=2025-09
Traceback (most recent call last):
  File "D:\opr-mis1\backend\main.py", line 700, in extract_preview_endpoint
    result = await asyncio.wait_for(
             ^^^^^^^^^^^^^^^^^^^^^^^
  File "C:\Users\sanja\AppData\Local\Programs\Python\Python311\Lib\asyncio\tasks.py", line 489, in wait_for
    return fut.result()
           ^^^^^^^^^^^^
  File "C:\Users\sanja\AppData\Local\Programs\Python\Python311\Lib\concurrent\futures\thread.py", line 58, in run
    result = self.fn(*self.args, **self.kwargs)
             ^^^^^^^^^^^^^^^^^^^^^^^^^^^^^^^^^^
  File "D:\opr-mis1\backend\main.py", line 703, in <lambda>
    lambda: excel_extractor_dsp.extract_preview(
            ^^^^^^^^^^^^^^^^^^^^^^^^^^^^^^^^^^^^
TypeError: extract_preview() got an unexpected keyword argument 'all_months'

============================================================
2026-06-25 11:51:16.038328
plant=DSP  month=2025-09
Traceback (most recent call last):
  File "D:\opr-mis1\backend\main.py", line 700, in extract_preview_endpoint
    result = await asyncio.wait_for(
             ^^^^^^^^^^^^^^^^^^^^^^^
  File "C:\Users\sanja\AppData\Local\Programs\Python\Python311\Lib\asyncio\tasks.py", line 489, in wait_for
    return fut.result()
           ^^^^^^^^^^^^
  File "C:\Users\sanja\AppData\Local\Programs\Python\Python311\Lib\concurrent\futures\thread.py", line 58, in run
    result = self.fn(*self.args, **self.kwargs)
             ^^^^^^^^^^^^^^^^^^^^^^^^^^^^^^^^^^
  File "D:\opr-mis1\backend\main.py", line 703, in <lambda>
    lambda: excel_extractor_dsp.extract_preview(
            ^^^^^^^^^^^^^^^^^^^^^^^^^^^^^^^^^^^^
TypeError: extract_preview() got an unexpected keyword argument 'all_months'

============================================================
2026-06-25 11:51:36.826123
plant=DSP  month=2025-09
Traceback (most recent call last):
  File "D:\opr-mis1\backend\main.py", line 700, in extract_preview_endpoint
    result = await asyncio.wait_for(
             ^^^^^^^^^^^^^^^^^^^^^^^
  File "C:\Users\sanja\AppData\Local\Programs\Python\Python311\Lib\asyncio\tasks.py", line 489, in wait_for
    return fut.result()
           ^^^^^^^^^^^^
  File "C:\Users\sanja\AppData\Local\Programs\Python\Python311\Lib\concurrent\futures\thread.py", line 58, in run
    result = self.fn(*self.args, **self.kwargs)
             ^^^^^^^^^^^^^^^^^^^^^^^^^^^^^^^^^^
  File "D:\opr-mis1\backend\main.py", line 703, in <lambda>
    lambda: excel_extractor_dsp.extract_preview(
            ^^^^^^^^^^^^^^^^^^^^^^^^^^^^^^^^^^^^
TypeError: extract_preview() got an unexpected keyword argument 'all_months'

============================================================
2026-06-25 11:57:59.287817
plant=DSP  month=2025-09
Traceback (most recent call last):
  File "D:\opr-mis1\backend\main.py", line 700, in extract_preview_endpoint
    result = await asyncio.wait_for(
             ^^^^^^^^^^^^^^^^^^^^^^^
  File "C:\Users\sanja\AppData\Local\Programs\Python\Python311\Lib\asyncio\tasks.py", line 489, in wait_for
    return fut.result()
           ^^^^^^^^^^^^
  File "C:\Users\sanja\AppData\Local\Programs\Python\Python311\Lib\concurrent\futures\thread.py", line 58, in run
    result = self.fn(*self.args, **self.kwargs)
             ^^^^^^^^^^^^^^^^^^^^^^^^^^^^^^^^^^
  File "D:\opr-mis1\backend\main.py", line 703, in <lambda>
    lambda: excel_extractor_dsp.extract_preview(
            ^^^^^^^^^^^^^^^^^^^^^^^^^^^^^^^^^^^^
TypeError: extract_preview() got an unexpected keyword argument 'all_months'

============================================================
2026-06-25 11:58:11.026570
plant=DSP  month=2025-09
Traceback (most recent call last):
  File "D:\opr-mis1\backend\main.py", line 700, in extract_preview_endpoint
    result = await asyncio.wait_for(
             ^^^^^^^^^^^^^^^^^^^^^^^
  File "C:\Users\sanja\AppData\Local\Programs\Python\Python311\Lib\asyncio\tasks.py", line 489, in wait_for
    return fut.result()
           ^^^^^^^^^^^^
  File "C:\Users\sanja\AppData\Local\Programs\Python\Python311\Lib\concurrent\futures\thread.py", line 58, in run
    result = self.fn(*self.args, **self.kwargs)
             ^^^^^^^^^^^^^^^^^^^^^^^^^^^^^^^^^^
  File "D:\opr-mis1\backend\main.py", line 703, in <lambda>
    lambda: excel_extractor_dsp.extract_preview(
            ^^^^^^^^^^^^^^^^^^^^^^^^^^^^^^^^^^^^
TypeError: extract_preview() got an unexpected keyword argument 'all_months'

============================================================
2026-06-25 11:58:15.349411
plant=DSP  month=2025-09
Traceback (most recent call last):
  File "D:\opr-mis1\backend\main.py", line 700, in extract_preview_endpoint
    result = await asyncio.wait_for(
             ^^^^^^^^^^^^^^^^^^^^^^^
  File "C:\Users\sanja\AppData\Local\Programs\Python\Python311\Lib\asyncio\tasks.py", line 489, in wait_for
    return fut.result()
           ^^^^^^^^^^^^
  File "C:\Users\sanja\AppData\Local\Programs\Python\Python311\Lib\concurrent\futures\thread.py", line 58, in run
    result = self.fn(*self.args, **self.kwargs)
             ^^^^^^^^^^^^^^^^^^^^^^^^^^^^^^^^^^
  File "D:\opr-mis1\backend\main.py", line 703, in <lambda>
    lambda: excel_extractor_dsp.extract_preview(
            ^^^^^^^^^^^^^^^^^^^^^^^^^^^^^^^^^^^^
TypeError: extract_preview() got an unexpected keyword argument 'all_months'

============================================================
2026-06-25 11:58:19.643901
plant=DSP  month=2025-09
Traceback (most recent call last):
  File "D:\opr-mis1\backend\main.py", line 700, in extract_preview_endpoint
    result = await asyncio.wait_for(
             ^^^^^^^^^^^^^^^^^^^^^^^
  File "C:\Users\sanja\AppData\Local\Programs\Python\Python311\Lib\asyncio\tasks.py", line 489, in wait_for
    return fut.result()
           ^^^^^^^^^^^^
  File "C:\Users\sanja\AppData\Local\Programs\Python\Python311\Lib\concurrent\futures\thread.py", line 58, in run
    result = self.fn(*self.args, **self.kwargs)
             ^^^^^^^^^^^^^^^^^^^^^^^^^^^^^^^^^^
  File "D:\opr-mis1\backend\main.py", line 703, in <lambda>
    lambda: excel_extractor_dsp.extract_preview(
            ^^^^^^^^^^^^^^^^^^^^^^^^^^^^^^^^^^^^
TypeError: extract_preview() got an unexpected keyword argument 'all_months'

============================================================
2026-06-25 12:00:18.401439
plant=DSP  month=2025-05
Traceback (most recent call last):
  File "D:\opr-mis1\backend\main.py", line 700, in extract_preview_endpoint
    result = await asyncio.wait_for(
             ^^^^^^^^^^^^^^^^^^^^^^^
  File "C:\Users\sanja\AppData\Local\Programs\Python\Python311\Lib\asyncio\tasks.py", line 489, in wait_for
    return fut.result()
           ^^^^^^^^^^^^
  File "C:\Users\sanja\AppData\Local\Programs\Python\Python311\Lib\concurrent\futures\thread.py", line 58, in run
    result = self.fn(*self.args, **self.kwargs)
             ^^^^^^^^^^^^^^^^^^^^^^^^^^^^^^^^^^
  File "D:\opr-mis1\backend\main.py", line 703, in <lambda>
    lambda: excel_extractor_dsp.extract_preview(
            ^^^^^^^^^^^^^^^^^^^^^^^^^^^^^^^^^^^^
TypeError: extract_preview() got an unexpected keyword argument 'all_months'
